This file contains any messages produced by compilers while
running configure, to aid debugging if configure makes a mistake.

It was created by GNU C Library configure (see version.h), which was
generated by GNU Autoconf 2.68.  Invocation command line was

  $ ../configure --prefix=/usr

## --------- ##
## Platform. ##
## --------- ##

hostname = tedu
uname -m = x86_64
uname -r = 3.10.0-862.el7.x86_64
uname -s = Linux
uname -v = #1 SMP Fri Apr 20 16:44:24 UTC 2018

/usr/bin/uname -p = x86_64
/bin/uname -X     = unknown

/bin/arch              = x86_64
/usr/bin/arch -k       = unknown
/usr/convex/getsysinfo = unknown
/usr/bin/hostinfo      = unknown
/bin/machine           = unknown
/usr/bin/oslevel       = unknown
/bin/universe          = unknown

PATH: /usr/local/bin
PATH: /usr/local/sbin
PATH: /usr/bin
PATH: /usr/sbin
PATH: /bin
PATH: /sbin
PATH: /root/bin


## ----------- ##
## Core tests. ##
## ----------- ##

configure:2344: checking build system type
configure:2358: result: x86_64-unknown-linux-gnu
configure:2378: checking host system type
configure:2391: result: x86_64-unknown-linux-gnu
configure:2460: checking for gcc
configure:2476: found /usr/bin/gcc
configure:2487: result: gcc
configure:2716: checking for C compiler version
configure:2725: gcc --version >&5
gcc (GCC) 4.8.5 20150623 (Red Hat 4.8.5-36)
Copyright (C) 2015 Free Software Foundation, Inc.
This is free software; see the source for copying conditions.  There is NO
warranty; not even for MERCHANTABILITY or FITNESS FOR A PARTICULAR PURPOSE.

configure:2736: $? = 0
configure:2725: gcc -v >&5
Using built-in specs.
COLLECT_GCC=gcc
COLLECT_LTO_WRAPPER=/usr/libexec/gcc/x86_64-redhat-linux/4.8.5/lto-wrapper
Target: x86_64-redhat-linux
Configured with: ../configure --prefix=/usr --mandir=/usr/share/man --infodir=/usr/share/info --with-bugurl=http://bugzilla.redhat.com/bugzilla --enable-bootstrap --enable-shared --enable-threads=posix --enable-checking=release --with-system-zlib --enable-__cxa_atexit --disable-libunwind-exceptions --enable-gnu-unique-object --enable-linker-build-id --with-linker-hash-style=gnu --enable-languages=c,c++,objc,obj-c++,java,fortran,ada,go,lto --enable-plugin --enable-initfini-array --disable-libgcj --with-isl=/builddir/build/BUILD/gcc-4.8.5-20150702/obj-x86_64-redhat-linux/isl-install --with-cloog=/builddir/build/BUILD/gcc-4.8.5-20150702/obj-x86_64-redhat-linux/cloog-install --enable-gnu-indirect-function --with-tune=generic --with-arch_32=x86-64 --build=x86_64-redhat-linux
Thread model: posix
gcc version 4.8.5 20150623 (Red Hat 4.8.5-36) (GCC) 
configure:2736: $? = 0
configure:2725: gcc -V >&5
gcc: error: unrecognized command line option '-V'
gcc: fatal error: no input files
compilation terminated.
configure:2736: $? = 4
configure:2725: gcc -qversion >&5
gcc: error: unrecognized command line option '-qversion'
gcc: fatal error: no input files
compilation terminated.
configure:2736: $? = 4
configure:2741: checking for suffix of object files
configure:2763: gcc -c   conftest.c >&5
configure:2767: $? = 0
configure:2788: result: o
configure:2792: checking whether we are using the GNU C compiler
configure:2811: gcc -c   conftest.c >&5
configure:2811: $? = 0
configure:2820: result: yes
configure:2829: checking whether gcc accepts -g
configure:2849: gcc -c -g  conftest.c >&5
configure:2849: $? = 0
configure:2890: result: yes
configure:3026: checking for g++
configure:3056: result: no
configure:3026: checking for c++
configure:3056: result: no
configure:3026: checking for gpp
configure:3056: result: no
configure:3026: checking for aCC
configure:3056: result: no
configure:3026: checking for CC
configure:3056: result: no
configure:3026: checking for cxx
configure:3056: result: no
configure:3026: checking for cc++
configure:3056: result: no
configure:3026: checking for cl.exe
configure:3056: result: no
configure:3026: checking for FCC
configure:3056: result: no
configure:3026: checking for KCC
configure:3056: result: no
configure:3026: checking for RCC
configure:3056: result: no
configure:3026: checking for xlC_r
configure:3056: result: no
configure:3026: checking for xlC
configure:3056: result: no
configure:3080: checking for C++ compiler version
configure:3089: g++ --version >&5
../configure: line 3091: g++: command not found
configure:3100: $? = 127
configure:3089: g++ -v >&5
../configure: line 3091: g++: command not found
configure:3100: $? = 127
configure:3089: g++ -V >&5
../configure: line 3091: g++: command not found
configure:3100: $? = 127
configure:3089: g++ -qversion >&5
../configure: line 3091: g++: command not found
configure:3100: $? = 127
configure:3104: checking whether we are using the GNU C++ compiler
configure:3123: g++ -c   conftest.cpp >&5
../configure: line 1590: g++: command not found
configure:3123: $? = 127
configure: failed program was:
| /* confdefs.h */
| #define PACKAGE_NAME "GNU C Library"
| #define PACKAGE_TARNAME "glibc"
| #define PACKAGE_VERSION "(see version.h)"
| #define PACKAGE_STRING "GNU C Library (see version.h)"
| #define PACKAGE_BUGREPORT "http://sourceware.org/bugzilla/"
| #define PACKAGE_URL "http://www.gnu.org/software/glibc/"
| #define PKGVERSION "(GNU libc) "
| #define REPORT_BUGS_TO "<http://www.gnu.org/software/libc/bugs.html>"
| /* end confdefs.h.  */
| 
| int
| main ()
| {
| #ifndef __GNUC__
|        choke me
| #endif
| 
|   ;
|   return 0;
| }
configure:3132: result: no
configure:3141: checking whether g++ accepts -g
configure:3161: g++ -c -g  conftest.cpp >&5
../configure: line 1590: g++: command not found
configure:3161: $? = 127
configure: failed program was:
| /* confdefs.h */
| #define PACKAGE_NAME "GNU C Library"
| #define PACKAGE_TARNAME "glibc"
| #define PACKAGE_VERSION "(see version.h)"
| #define PACKAGE_STRING "GNU C Library (see version.h)"
| #define PACKAGE_BUGREPORT "http://sourceware.org/bugzilla/"
| #define PACKAGE_URL "http://www.gnu.org/software/glibc/"
| #define PKGVERSION "(GNU libc) "
| #define REPORT_BUGS_TO "<http://www.gnu.org/software/libc/bugs.html>"
| /* end confdefs.h.  */
| 
| int
| main ()
| {
| 
|   ;
|   return 0;
| }
configure:3176: g++ -c   conftest.cpp >&5
../configure: line 1590: g++: command not found
configure:3176: $? = 127
configure: failed program was:
| /* confdefs.h */
| #define PACKAGE_NAME "GNU C Library"
| #define PACKAGE_TARNAME "glibc"
| #define PACKAGE_VERSION "(see version.h)"
| #define PACKAGE_STRING "GNU C Library (see version.h)"
| #define PACKAGE_BUGREPORT "http://sourceware.org/bugzilla/"
| #define PACKAGE_URL "http://www.gnu.org/software/glibc/"
| #define PKGVERSION "(GNU libc) "
| #define REPORT_BUGS_TO "<http://www.gnu.org/software/libc/bugs.html>"
| /* end confdefs.h.  */
| 
| int
| main ()
| {
| 
|   ;
|   return 0;
| }
configure:3192: g++ -c -g  conftest.cpp >&5
../configure: line 1590: g++: command not found
configure:3192: $? = 127
configure: failed program was:
| /* confdefs.h */
| #define PACKAGE_NAME "GNU C Library"
| #define PACKAGE_TARNAME "glibc"
| #define PACKAGE_VERSION "(see version.h)"
| #define PACKAGE_STRING "GNU C Library (see version.h)"
| #define PACKAGE_BUGREPORT "http://sourceware.org/bugzilla/"
| #define PACKAGE_URL "http://www.gnu.org/software/glibc/"
| #define PKGVERSION "(GNU libc) "
| #define REPORT_BUGS_TO "<http://www.gnu.org/software/libc/bugs.html>"
| /* end confdefs.h.  */
| 
| int
| main ()
| {
| 
|   ;
|   return 0;
| }
configure:3202: result: no
configure:3268: checking for readelf
configure:3284: found /usr/bin/readelf
configure:3295: result: readelf
configure:3791: checking for sysdeps preconfigure fragments
configure:9: checking whether gcc compiles in -mx32 mode by default
configure:27: gcc -c -g -O2  conftest.c >&5
conftest.c:12:3: error: #error not x32
 # error not x32
   ^
configure:27: $? = 1
configure: failed program was:
| /* confdefs.h */
| #define PACKAGE_NAME "GNU C Library"
| #define PACKAGE_TARNAME "glibc"
| #define PACKAGE_VERSION "(see version.h)"
| #define PACKAGE_STRING "GNU C Library (see version.h)"
| #define PACKAGE_BUGREPORT "http://sourceware.org/bugzilla/"
| #define PACKAGE_URL "http://www.gnu.org/software/glibc/"
| #define PKGVERSION "(GNU libc) "
| #define REPORT_BUGS_TO "<http://www.gnu.org/software/libc/bugs.html>"
| /* end confdefs.h.  */
| #ifndef __ILP32__
| # error not x32
| #endif
| int
| main ()
| {
| 
|   ;
|   return 0;
| }
configure:34: result: no
configure:3798: result: 
configure:3872: running configure fragment for add-on libidn
configure:3872: running configure fragment for add-on nptl
configure:3920: checking add-on ports for preconfigure fragments
configure:3927: result: 
configure:4008: checking for assembler and linker STT_GNU_IFUNC support

Relocation section '.rela.plt' at offset 0x110 contains 1 entries:
  Offset          Info           Type           Sym. Value    Sym. Name + Addend
000000600128  000000000025 R_X86_64_IRELATIV                    400128
configure:4039: result: yes
configure:4042: checking whether .text pseudo-op must be used
configure:4052: gcc  -c conftest.s 1>&5
configure:4055: $? = 0
configure:4066: result: yes
configure:4085: checking sysdep dirs
configure:4305: result: sysdeps/generic
configure:4359: WARNING: add-on ports contributed no useful sysdeps directories
configure:4382: checking for a BSD-compatible install
configure:4450: result: /usr/bin/install -c
configure:4465: checking whether ln -s works
configure:4469: result: yes
configure:4493: checking whether as is GNU as
configure:4507: result: yes
configure:4512: checking whether ld is GNU ld
configure:4526: result: yes
configure:4536: checking for as
configure:4563: result: as
configure:4578: checking version of as
configure:4588: result: 2.27, ok
configure:4599: checking for ld
configure:4626: result: ld
configure:4641: checking version of ld
configure:4651: result: 2.27, ok
configure:4665: checking for gcc
configure:4692: result: gcc
configure:4707: checking version of gcc
configure:4717: result: 4.8.5, ok
configure:4728: checking for gnumake
configure:4758: result: no
configure:4728: checking for gmake
configure:4744: found /usr/bin/gmake
configure:4755: result: gmake
configure:4770: checking version of gmake
configure:4780: result: 3.82, ok
configure:4792: checking for gnumsgfmt
configure:4822: result: no
configure:4792: checking for gmsgfmt
configure:4822: result: no
configure:4792: checking for msgfmt
configure:4808: found /usr/bin/msgfmt
configure:4819: result: msgfmt
configure:4834: checking version of msgfmt
configure:4844: result: 0.19.8.1, ok
configure:4855: checking for makeinfo
configure:4885: result: no
configure:4918: checking for sed
configure:4934: found /usr/bin/sed
configure:4945: result: sed
configure:4960: checking version of sed
configure:4970: result: 4.2.2, ok
configure:4981: checking for gawk
configure:4997: found /usr/bin/gawk
configure:5008: result: gawk
configure:5023: checking version of gawk
configure:5033: result: 4.0.2, ok
configure:5084: checking for nm
configure:5100: found /usr/bin/nm
configure:5111: result: nm
configure:5138: checking for autoconf
configure:5168: result: no
configure:5207: WARNING:
*** These auxiliary programs are missing or incompatible versions: makeinfo autoconf
*** some features will be disabled.
*** Check the INSTALL file for required versions.
configure:5243: checking LD_LIBRARY_PATH variable
configure:5253: result: ok
configure:5262: checking whether GCC supports -static-libgcc
configure:5273: result: -static-libgcc
configure:5279: checking for bash
configure:5297: found /usr/bin/bash
configure:5310: result: /usr/bin/bash
configure:5383: checking for perl
configure:5401: found /usr/bin/perl
configure:5414: result: /usr/bin/perl
configure:5428: checking for install-info
configure:5447: found /usr/sbin/install-info
configure:5460: result: /usr/sbin/install-info
configure:5470: checking for bison
configure:5502: result: no
configure:5511: checking for libc-friendly stddef.h
configure:5535: gcc -c -g -O2  conftest.c >&5
conftest.c: In function 'main':
conftest.c:25:38: warning: incompatible implicit declaration of built-in function 'abort' [enabled by default]
 if (&size == NULL || &wchar == NULL) abort ();
                                      ^
configure:5535: $? = 0
configure:5542: result: yes
configure:5549: checking whether we need to use -P to assemble .S files
configure:5559: gcc   -c conftest.S 1>&5
configure:5562: $? = 0
configure:5570: result: no
configure:5577: checking for .set assembler directive
configure:5603: result: yes
configure:5610: checking for assembler gnu_unique_object symbol type
configure:5627: result: yes
configure:5634: checking for .symver assembler directive
configure:5651: result: yes
configure:5653: checking for ld --version-script
configure:5679: gcc -g -O2  -shared
				-o conftest.so conftest.o
				-nostartfiles -nostdlib
				-Wl,--version-script,conftest.map
		       1>&5
configure:5682: $? = 0
configure:5697: result: yes
configure:5718: checking for .previous assembler directive
configure:5728: gcc -c  conftest.s 1>&5
configure:5731: $? = 0
configure:5739: result: yes
configure:5773: checking for .protected and .hidden assembler directive
configure:5785: gcc -c  conftest.s 1>&5
configure:5788: $? = 0
configure:5796: result: yes
configure:5800: checking whether __attribute__((visibility())) is supported
configure:5811: gcc -Werror -S conftest.c -o conftest.s 1>&5
configure:5814: $? = 0
configure:5825: result: yes
configure:5833: checking for broken __attribute__((visibility()))
configure:5845: gcc -Werror -S conftest.c -o conftest.s 1>&5
configure:5848: $? = 0
configure:5857: result: no
configure:5864: checking for broken __attribute__((alias()))
configure:5879: gcc -Werror -S conftest.c -o conftest.s 1>&5
configure:5882: $? = 0
configure:5892: result: no
configure:5899: checking whether to put _rtld_local into .sdata section
configure:5913: result: no
configure:5921: checking for .preinit_array/.init_array/.fini_array support
configure:5937: gcc -g -O2   -o conftest
		       conftest.c -static -nostartfiles -nostdlib
		       1>&5
configure:5940: $? = 0
configure:5953: result: yes
configure:5959: checking whether to use .ctors/.dtors header and trailer
configure:5976: gcc -g -O2   -o conftest
		       conftest.c -static -nostartfiles -nostdlib
		       1>&5
configure:5979: $? = 0
configure:6005: result: no
configure:6012: checking for libunwind-support in compiler
configure:6029: result: no
configure:6037: checking for linker that supports -z nodelete
configure:6050: gcc -g -O2  
				-Wl,--enable-new-dtags,-z,nodelete -nostdlib -nostartfiles
				-fPIC -shared -o conftest.so conftest.c
				1>&5
configure:6053: $? = 0
configure:6066: result: yes
configure:6069: checking for linker that supports -z nodlopen
configure:6082: gcc -g -O2  
				-Wl,--enable-new-dtags,-z,nodlopen -nostdlib -nostartfiles
				-fPIC -shared -o conftest.so conftest.c
				1>&5
configure:6085: $? = 0
configure:6098: result: yes
configure:6101: checking for linker that supports -z initfirst
configure:6114: gcc -g -O2  
				-Wl,--enable-new-dtags,-z,initfirst -nostdlib -nostartfiles
				-fPIC -shared -o conftest.so conftest.c
				1>&5
configure:6117: $? = 0
configure:6130: result: yes
configure:6148: checking for -z relro option
configure:6189: gcc -g -O2  
		    -fPIC -shared -o conftest.so conftest.c
		    -nostartfiles -nostdlib
		    -Wl,-z,relro 1>&5
configure:6192: $? = 0
configure:6195: readelf -Wl conftest.so > conftest.ph
configure:6198: $? = 0
configure:6204: 
      gawk -v commonpagesize=0x1000 -f conftest.awk
	   conftest.ph > conftest.cps
    
LINE: 
LINE: Elf file type is DYN (Shared object file)
LINE: Entry point 0x350
LINE: There are 7 program headers, starting at offset 64
LINE: 
LINE: Program Headers:
LINE:   Type           Offset   VirtAddr           PhysAddr           FileSiz  MemSiz   Flg Align
LINE:   LOAD           0x000000 0x0000000000000000 0x0000000000000000 0x0003a0 0x0003a0 R E 0x200000
LINE:   LOAD           0x000f00 0x0000000000200f00 0x0000000000200f00 0x040100 0x040100 RW  0x200000
LINE:   DYNAMIC        0x000f18 0x0000000000200f18 0x0000000000200f18 0x0000e0 0x0000e0 RW  0x8
LINE:   NOTE           0x0001c8 0x00000000000001c8 0x00000000000001c8 0x000024 0x000024 R   0x4
LINE:   GNU_EH_FRAME   0x000358 0x0000000000000358 0x0000000000000358 0x000014 0x000014 R   0x4
LINE:   GNU_STACK      0x000000 0x0000000000000000 0x0000000000000000 0x000000 0x000000 RW  0x10
LINE:   GNU_RELRO      0x000f00 0x0000000000200f00 0x0000000000200f00 0x000100 0x000100 R   0x1
vaddr 0x200f00 memsz 0x100 end 0x201000 commonpagesize 0x1000
LINE: 
LINE:  Section to Segment mapping:
LINE:   Segment Sections...
LINE:    00     .note.gnu.build-id .gnu.hash .dynsym .dynstr .rela.dyn .text .eh_frame_hdr .eh_frame 
LINE:    01     .data.rel.ro .dynamic .data 
LINE:    02     .dynamic 
LINE:    03     .note.gnu.build-id 
LINE:    04     .eh_frame_hdr 
LINE:    05     
LINE:    06     .data.rel.ro .dynamic 
configure:6207: $? = 0
configure:6212: result: yes
configure:6225: checking for -Bgroup option
configure:6236: gcc -g -O2  
			    -fPIC -shared -o conftest.so conftest.c
			    -Wl,-Bgroup -nostdlib 1>&5
configure:6239: $? = 0
configure:6248: result: yes
configure:6253: checking whether --noexecstack is desirable for .S files
configure:6263: gcc -g -O2 
		   -S -o conftest.s conftest.c 1>&5
configure:6266: $? = 0
configure:6271: gcc  -Wa,--noexecstack
		      -c -o conftest.o conftest.s 1>&5
configure:6274: $? = 0
configure:6283: result: yes
configure:6290: checking for -z combreloc
configure:6304: gcc -g -O2  
			-fPIC -shared -o conftest.so conftest.c
			-nostdlib -nostartfiles
			-Wl,-z,combreloc 1>&5
configure:6307: $? = 0
configure:6320: result: yes
configure:6328: checking for linker that supports -z execstack
configure:6341: gcc -g -O2  
				-Wl,-z,execstack -nostdlib -nostartfiles
				-fPIC -shared -o conftest.so conftest.c
				1>&5
configure:6344: $? = 0
configure:6357: result: yes
configure:6361: checking for -fpie
configure:6367: gcc -fpie -xc /dev/null -S -o /dev/null
configure:6370: $? = 0
configure:6378: result: yes
configure:6383: checking for --hash-style option
configure:6394: gcc -g -O2  
			    -fPIC -shared -o conftest.so conftest.c
			    -Wl,--hash-style=both -nostdlib 1>&5
configure:6397: $? = 0
configure:6406: result: yes
configure:6414: checking for sufficient default -shared layout
configure:6433:   gcc  -shared -o conftest.so conftest.s 1>&5
configure:6436: $? = 0
nono from:

NOTE .note.gnu.build-i
GNU_HASH .gnu.hash
DYNSYM .dynsym
STRTAB .dynstr
VERSYM .gnu.version
VERNEED .gnu.version_r
RELA .rela.dyn
PROGBITS .init
PROGBITS .plt
PROGBITS .plt.got
PROGBITS .text
PROGBITS .fini
NOTE .note.a
NOTE .note.b
PROGBITS .eh_frame
INIT_ARRAY .init_array
FINI_ARRAY .fini_array
PROGBITS .jcr
PROGBITS .data.rel.ro
DYNAMIC .dynamic
PROGBITS .got
PROGBITS .got.plt
NOBITS .bss
PROGBITS .comment
SYMTAB .symtab
STRTAB .strtab
STRTAB .shstrtab
configure:6468: result: no
configure:6473: checking linker output format
configure:6487: result: elf64-x86-64
configure:6491: checking for -fno-toplevel-reorder -fno-section-anchors
configure:6501: gcc -g -O2  -S -fno-toplevel-reorder -fno-section-anchors
			    conftest.c 1>&5
configure:6504: $? = 0
configure:6513: result: yes
configure:6522: checking for -fstack-protector
configure:6528: gcc -g -O2  -Werror -fstack-protector -xc /dev/null -S -o /dev/null
configure:6531: $? = 0
configure:6539: result: yes
configure:6543: checking for -fgnu89-inline
configure:6558: gcc -g -O2  -S -std=gnu99 -fgnu89-inline
			    -o conftest.s conftest.c 1>&5
conftest.c:3:1: warning: return type defaults to 'int' [enabled by default]
 main () { return 0;}
 ^
configure:6561: $? = 0
configure:6570: result: yes
configure:6579: checking whether cc puts quotes around section names
configure:6600: result: no
configure:6607: checking for assembler .weak directive
configure:6620: gcc  -c conftest.s 1>&5
configure:6623: $? = 0
configure:6631: result: yes
configure:6674: checking whether CFI directives are supported
configure:6693: gcc  -c conftest.s 1>&5
configure:6696: $? = 0
configure:6704: result: yes
configure:6711: checking for ld --no-whole-archive
configure:6724: gcc -g -O2  
			    -nostdlib -nostartfiles -Wl,--no-whole-archive
			    -o conftest conftest.c 1>&5
configure:6727: $? = 0
configure:6735: result: yes
configure:6741: checking for gcc -fexceptions
configure:6754: gcc -g -O2  
			    -nostdlib -nostartfiles -fexceptions
			    -o conftest conftest.c 1>&5
configure:6757: $? = 0
configure:6765: result: yes
configure:6805: checking for __builtin_memset
configure:6817: gcc -O3 -S conftest.c -o - | fgrep memset > /dev/null
configure:6820: $? = 1
configure:6829: result: yes
configure:6836: checking for redirection of built-in functions
configure:6849: gcc -O3 -S conftest.c -o - | fgrep my_strstr > /dev/null
configure:6852: $? = 0
configure:6861: result: yes
configure:6867: checking for __thread
configure:6876: gcc -g -O2  -c conftest.c >&5
configure:6879: $? = 0
configure:6887: result: yes
configure:6893: checking for tls_model attribute
configure:6902: gcc -g -O2  -S -Werror conftest.c >&5
configure:6905: $? = 0
configure:6913: result: yes
configure:6919: checking for compiler option to disable generation of FMA instructions
configure:6927: gcc -ffp-contract=off -xc /dev/null -S -o /dev/null
configure:6930: $? = 0
configure:6936: result: -ffp-contract=off
configure:6969: checking if gcc accepts -fno-tree-loop-distribute-patterns with __attribute__ ((__optimize__))
configure:6982: gcc -g -O2  -c conftest.c
configure:6985: $? = 0
configure:6992: result: yes
configure:7000: checking for libgd
configure:7020: gcc -o conftest -g -O2     conftest.c  -lgd -lpng -lz -lm >&5
conftest.c:23:16: fatal error: gd.h: No such file or directory
 #include <gd.h>
                ^
compilation terminated.
configure:7020: $? = 1
configure: failed program was:
| /* confdefs.h */
| #define PACKAGE_NAME "GNU C Library"
| #define PACKAGE_TARNAME "glibc"
| #define PACKAGE_VERSION "(see version.h)"
| #define PACKAGE_STRING "GNU C Library (see version.h)"
| #define PACKAGE_BUGREPORT "http://sourceware.org/bugzilla/"
| #define PACKAGE_URL "http://www.gnu.org/software/glibc/"
| #define PKGVERSION "(GNU libc) "
| #define REPORT_BUGS_TO "<http://www.gnu.org/software/libc/bugs.html>"
| #define HAVE_LIBIDN 1
| #define USE_MULTIARCH 1
| #define HAVE_ASM_SET_DIRECTIVE 1
| #define HAVE_ASM_UNIQUE_OBJECT 1
| #define DO_VERSIONING 1
| #define HAVE_ASM_PREVIOUS_DIRECTIVE 1
| #define NO_CTORS_DTORS_SECTIONS 1
| #define HAVE_Z_COMBRELOC 1
| #define HAVE_ASM_WEAK_DIRECTIVE 1
| #define HAVE_ASM_CFI_DIRECTIVES 1
| #define HAVE_BUILTIN_MEMSET 1
| #define HAVE_CC_INHIBIT_LOOP_TO_LIBCALL 1
| /* end confdefs.h.  */
| #include <gd.h>
| int
| main ()
| {
| gdImagePng (0, 0)
|   ;
|   return 0;
| }
configure:7033: result: no
configure:7042: checking for is_selinux_enabled in -lselinux
configure:7067: gcc -o conftest -g -O2   conftest.c -lselinux   >&5
/usr/bin/ld: cannot find -lselinux
collect2: error: ld returned 1 exit status
configure:7067: $? = 1
configure: failed program was:
| /* confdefs.h */
| #define PACKAGE_NAME "GNU C Library"
| #define PACKAGE_TARNAME "glibc"
| #define PACKAGE_VERSION "(see version.h)"
| #define PACKAGE_STRING "GNU C Library (see version.h)"
| #define PACKAGE_BUGREPORT "http://sourceware.org/bugzilla/"
| #define PACKAGE_URL "http://www.gnu.org/software/glibc/"
| #define PKGVERSION "(GNU libc) "
| #define REPORT_BUGS_TO "<http://www.gnu.org/software/libc/bugs.html>"
| #define HAVE_LIBIDN 1
| #define USE_MULTIARCH 1
| #define HAVE_ASM_SET_DIRECTIVE 1
| #define HAVE_ASM_UNIQUE_OBJECT 1
| #define DO_VERSIONING 1
| #define HAVE_ASM_PREVIOUS_DIRECTIVE 1
| #define NO_CTORS_DTORS_SECTIONS 1
| #define HAVE_Z_COMBRELOC 1
| #define HAVE_ASM_WEAK_DIRECTIVE 1
| #define HAVE_ASM_CFI_DIRECTIVES 1
| #define HAVE_BUILTIN_MEMSET 1
| #define HAVE_CC_INHIBIT_LOOP_TO_LIBCALL 1
| /* end confdefs.h.  */
| 
| /* Override any GCC internal prototype to avoid an error.
|    Use char because int might match the return type of a GCC
|    builtin and then its argument prototype would still apply.  */
| #ifdef __cplusplus
| extern "C"
| #endif
| char is_selinux_enabled ();
| int
| main ()
| {
| return is_selinux_enabled ();
|   ;
|   return 0;
| }
configure:7076: result: no
configure:7232: checking size of long double
configure:7237: gcc -o conftest -g -O2   conftest.c  >&5
configure:7237: $? = 0
configure:7237: ./conftest
configure:7237: $? = 0
configure:7251: result: 16
configure:7265: checking for _FORTIFY_SOURCE predefine
configure:7284: gcc -c -g -O2  conftest.c >&5
configure:7284: $? = 0
configure:7291: result: no
configure:7298: checking whether gcc implicitly enables -fstack-protector
configure:7315: gcc -c -g -O2  conftest.c >&5
configure:7315: $? = 0
libc_undefs='foobar'
configure:7342: result: no
configure:7369: result: running configure fragment for nptl/sysdeps/pthread
configure:21: checking for forced unwind support
configure:40: gcc -c -g -O2  conftest.c >&5
configure:40: $? = 0
configure:47: result: yes
configure:54: checking for C cleanup handling
configure:74: gcc -c -g -O2 -Werror -fexceptions  conftest.c >&5
configure:74: $? = 0
configure:81: result: yes
configure:7369: result: running configure fragment for sysdeps/unix/sysv/linux
configure:14: checking for grep that handles long lines and -e
configure:72: result: /usr/bin/grep
configure:77: checking for egrep
configure:139: result: /usr/bin/grep -E
configure:144: checking installed Linux kernel header files
configure:165: result: 2.6.19 or later
configure:232: checking for kernel header at least 2.6.16
configure:251: result: ok
configure:356: checking for symlinks in /usr/include
configure:373: result: ok
configure:7369: result: running configure fragment for sysdeps/gnu
configure:7369: result: running configure fragment for nptl/sysdeps/x86_64
configure:4: checking for .cfi_personality and .cfi_lsda pseudo-ops
configure:18: gcc  -c conftest.s 1>&5
configure:21: $? = 0
configure:30: result: yes
configure:7369: result: running configure fragment for sysdeps/x86_64
configure:36: checking for cpuid.h
configure:36: gcc -c -g -O2  conftest.c >&5
configure:36: $? = 0
configure:36: result: yes
configure:46: checking for SSE4 support
configure:52: gcc -msse4 -xc /dev/null -S -o /dev/null
configure:55: $? = 0
configure:63: result: yes
configure:72: checking for AVX support
configure:78: gcc -mavx -xc /dev/null -S -o /dev/null
configure:81: $? = 0
configure:89: result: yes
configure:98: checking for AVX encoding of SSE instructions
configure:104: gcc -msse2avx -xc /dev/null -S -o /dev/null
configure:107: $? = 0
configure:115: result: yes
configure:124: checking for FMA4 support
configure:130: gcc -mfma4 -xc /dev/null -S -o /dev/null
configure:133: $? = 0
configure:141: result: yes
configure:150: checking for -mno-vzeroupper support
configure:156: gcc -mno-vzeroupper -xc /dev/null -S -o /dev/null
configure:159: $? = 0
configure:167: result: yes
configure:7401: checking for old glibc 2.0.x headers
configure:7409: result: no
configure:7437: checking whether -fPIC is default
configure:7453: result: no
configure:7587: creating ./config.status

## ---------------------- ##
## Running config.status. ##
## ---------------------- ##

This file was extended by GNU C Library config.status (see version.h), which was
generated by GNU Autoconf 2.68.  Invocation command line was

  CONFIG_FILES    = 
  CONFIG_HEADERS  = 
  CONFIG_LINKS    = 
  CONFIG_COMMANDS = 
  $ ./config.status 

on tedu

config.status:957: creating config.make
config.status:957: creating Makefile
config.status:957: creating config.h
config.status:1131: executing default commands

## ---------------- ##
## Cache variables. ##
## ---------------- ##

ac_cv_build=x86_64-unknown-linux-gnu
ac_cv_c_compiler_gnu=yes
ac_cv_cxx_compiler_gnu=no
ac_cv_env_CCC_set=
ac_cv_env_CCC_value=
ac_cv_env_CC_set=
ac_cv_env_CC_value=
ac_cv_env_CFLAGS_set=
ac_cv_env_CFLAGS_value=
ac_cv_env_CPPFLAGS_set=
ac_cv_env_CPPFLAGS_value=
ac_cv_env_CPP_set=
ac_cv_env_CPP_value=
ac_cv_env_CXXFLAGS_set=
ac_cv_env_CXXFLAGS_value=
ac_cv_env_CXX_set=
ac_cv_env_CXX_value=
ac_cv_env_LDFLAGS_set=
ac_cv_env_LDFLAGS_value=
ac_cv_env_LIBS_set=
ac_cv_env_LIBS_value=
ac_cv_env_build_alias_set=
ac_cv_env_build_alias_value=
ac_cv_env_host_alias_set=
ac_cv_env_host_alias_value=
ac_cv_env_target_alias_set=
ac_cv_env_target_alias_value=
ac_cv_header_cpuid_h=yes
ac_cv_host=x86_64-unknown-linux-gnu
ac_cv_lib_selinux_is_selinux_enabled=no
ac_cv_objext=o
ac_cv_path_BASH_SHELL=/usr/bin/bash
ac_cv_path_BISON=no
ac_cv_path_EGREP='/usr/bin/grep -E'
ac_cv_path_GREP=/usr/bin/grep
ac_cv_path_INSTALL_INFO=/usr/sbin/install-info
ac_cv_path_PERL=/usr/bin/perl
ac_cv_path_install='/usr/bin/install -c'
ac_cv_prog_AS=as
ac_cv_prog_AWK=gawk
ac_cv_prog_CC=gcc
ac_cv_prog_LD=ld
ac_cv_prog_MAKE=gmake
ac_cv_prog_MSGFMT=msgfmt
ac_cv_prog_SED=sed
ac_cv_prog_ac_ct_CC=gcc
ac_cv_prog_ac_ct_NM=nm
ac_cv_prog_ac_ct_READELF=readelf
ac_cv_prog_cc_g=yes
ac_cv_prog_cxx_g=no
ac_cv_sizeof_long_double=16
libc_cv_Bgroup=yes
libc_cv_as_noexecstack=yes
libc_cv_asm_cfi_directives=yes
libc_cv_asm_cfi_personality=yes
libc_cv_asm_previous_directive=yes
libc_cv_asm_protected_directive=yes
libc_cv_asm_set_directive=yes
libc_cv_asm_symver_directive=yes
libc_cv_asm_unique_object=yes
libc_cv_asm_weak_directive=yes
libc_cv_broken_alias_attribute=no
libc_cv_broken_visibility_attribute=no
libc_cv_c_cleanup=yes
libc_cv_cc_avx=yes
libc_cv_cc_fma4=yes
libc_cv_cc_loop_to_function=yes
libc_cv_cc_nofma=-ffp-contract=off
libc_cv_cc_novzeroupper=yes
libc_cv_cc_sse2avx=yes
libc_cv_cc_sse4=yes
libc_cv_cc_with_libunwind=no
libc_cv_ctors_header=no
libc_cv_dot_text=.text
libc_cv_fno_toplevel_reorder=yes
libc_cv_forced_unwind=yes
libc_cv_fpie=yes
libc_cv_friendly_stddef=yes
libc_cv_gcc___thread=yes
libc_cv_gcc_builtin_memset=yes
libc_cv_gcc_builtin_redirection=yes
libc_cv_gcc_exceptions=yes
libc_cv_gcc_static_libgcc=-static-libgcc
libc_cv_gcc_tls_model_attr=yes
libc_cv_gcc_unwind_find_fde=no
libc_cv_gnu89_inline=yes
libc_cv_hashstyle=yes
libc_cv_have_bash2=yes
libc_cv_have_ksh=yes
libc_cv_have_sdata_section=no
libc_cv_have_section_quotes=no
libc_cv_idn=no
libc_cv_initfini_array=yes
libc_cv_ld_gnu_indirect_function=yes
libc_cv_ld_no_whole_archive=yes
libc_cv_ld_version_script_option=yes
libc_cv_linux2619='2.6.19 or later'
libc_cv_localedir='${exec_prefix}/lib/locale'
libc_cv_localstatedir=/var
libc_cv_need_minus_P=no
libc_cv_nss_crypt=no
libc_cv_output_format=elf64-x86-64
libc_cv_pic_default=no
libc_cv_predef_fortify_source=no
libc_cv_predef_stack_protector=no
libc_cv_prog_as_gnu=yes
libc_cv_prog_ld_gnu=yes
libc_cv_rootsbindir=/sbin
libc_cv_slibdir=/lib64
libc_cv_ssp=yes
libc_cv_sysconfdir=/etc
libc_cv_use_default_link=no
libc_cv_visibility_attribute=yes
libc_cv_x32=no
libc_cv_z_combreloc=yes
libc_cv_z_execstack=yes
libc_cv_z_initfirst=yes
libc_cv_z_nodelete=yes
libc_cv_z_nodlopen=yes
libc_cv_z_relro=yes

## ----------------- ##
## Output variables. ##
## ----------------- ##

AR='ar'
AS='as'
ASFLAGS_config=' -Wa,--noexecstack'
AUTOCONF='no'
AWK='gawk'
BASH_SHELL='/usr/bin/bash'
BISON='no'
BUILD_CC=''
CC='gcc'
CFLAGS='-g -O2'
CPP='gcc -E'
CPPFLAGS=''
CPPUNDEFS=''
CXX='g++'
CXXFLAGS=''
CXX_SYSINCLUDES=''
DEFINES=''
DEFS='-DHAVE_CONFIG_H'
ECHO_C=''
ECHO_N='-n'
ECHO_T=''
INSTALL_DATA='${INSTALL} -m 644'
INSTALL_INFO='/usr/sbin/install-info'
INSTALL_PROGRAM='${INSTALL}'
INSTALL_SCRIPT='${INSTALL}'
KSH='/usr/bin/bash'
LD='ld'
LDFLAGS=''
LIBGD='no'
LIBOBJS=''
LIBS=''
LN_S='ln -s'
LTLIBOBJS=''
MAKE='gmake'
MAKEINFO=':'
MSGFMT='msgfmt'
NM='nm'
OBJCOPY='objcopy'
OBJDUMP='objdump'
OBJEXT='o'
PACKAGE_BUGREPORT='http://sourceware.org/bugzilla/'
PACKAGE_NAME='GNU C Library'
PACKAGE_STRING='GNU C Library (see version.h)'
PACKAGE_TARNAME='glibc'
PACKAGE_URL='http://www.gnu.org/software/glibc/'
PACKAGE_VERSION='(see version.h)'
PATH_SEPARATOR=':'
PERL='/usr/bin/perl'
PKGVERSION='(GNU libc) '
PKGVERSION_TEXI='(GNU libc) '
READELF='readelf'
RELEASE='stable'
REPORT_BUGS_TEXI='@uref{http://www.gnu.org/software/libc/bugs.html}'
REPORT_BUGS_TO='<http://www.gnu.org/software/libc/bugs.html>'
SED='sed'
SHELL='/bin/sh'
SYSINCLUDES=''
VERSION='2.18'
VERSIONING='yes'
ac_ct_CC='gcc'
ac_ct_CXX=''
add_on_subdirs=' libidn'
add_ons='libidn nptl ports'
all_warnings=''
base_machine='x86_64'
bindir='${exec_prefix}/bin'
bindnow='no'
build='x86_64-unknown-linux-gnu'
build_alias=''
build_cpu='x86_64'
build_nscd='yes'
build_os='linux-gnu'
build_pt_chown='no'
build_vendor='unknown'
cross_compiling='no'
datadir='${datarootdir}'
datarootdir='${prefix}/share'
docdir='${datarootdir}/doc/${PACKAGE_TARNAME}'
dvidir='${docdir}'
exceptions='-fexceptions'
exec_prefix='${prefix}'
fno_unit_at_a_time='-fno-toplevel-reorder -fno-section-anchors'
force_install='yes'
gnu89_inline='-fgnu89-inline'
hardcoded_path_in_tests='no'
have_libaudit=''
have_libcap=''
have_selinux='no'
host='x86_64-unknown-linux-gnu'
host_alias=''
host_cpu='x86_64'
host_os='linux-gnu'
host_vendor='unknown'
htmldir='${docdir}'
includedir='${prefix}/include'
infodir='${datarootdir}/info'
ldd_rewrite_script='sysdeps/unix/sysv/linux/x86_64/ldd-rewrite.sed'
libc_cv_Bgroup='yes'
libc_cv_cc_loop_to_function='yes'
libc_cv_cc_nofma='-ffp-contract=off'
libc_cv_cc_submachine=''
libc_cv_cc_with_libunwind='no'
libc_cv_forced_unwind='yes'
libc_cv_fpie='yes'
libc_cv_gcc_static_libgcc='-static-libgcc'
libc_cv_gcc_unwind_find_fde='no'
libc_cv_hashstyle='yes'
libc_cv_have_bash2='yes'
libc_cv_have_ksh='yes'
libc_cv_localedir='${exec_prefix}/lib/locale'
libc_cv_localstatedir='/var'
libc_cv_nss_crypt='no'
libc_cv_output_format='elf64-x86-64'
libc_cv_pic_default='no'
libc_cv_rootsbindir='/sbin'
libc_cv_rtlddir=''
libc_cv_slibdir='/lib64'
libc_cv_ssp='yes'
libc_cv_sysconfdir='/etc'
libc_cv_z_combreloc='yes'
libc_cv_z_execstack='yes'
libc_extra_cflags=''
libdir='${exec_prefix}/lib64'
libexecdir='${exec_prefix}/libexec'
link_obsolete_rpc='no'
localedir='${datarootdir}/locale'
localstatedir='${prefix}/var'
mach_interface_list=''
mandir='${datarootdir}/man'
multi_arch='default'
old_glibc_headers='no'
oldest_abi='default'
oldincludedir='/usr/include'
pdfdir='${docdir}'
prefix='/usr'
profile='no'
program_transform_name='s,x,x,'
psdir='${docdir}'
sbindir='${exec_prefix}/sbin'
shared='yes'
sharedstatedir='${prefix}/com'
sizeof_long_double='16'
static=''
static_nss='no'
subdirs='  '
submachine=''
sysconfdir='${prefix}/etc'
sysdeps_add_ons=' nptl ports'
sysheaders=''
sysnames=' sysdeps/unix/sysv/linux/x86_64/64/nptl sysdeps/unix/sysv/linux/x86_64/64 nptl/sysdeps/unix/sysv/linux/x86_64 nptl/sysdeps/unix/sysv/linux/x86 sysdeps/unix/sysv/linux/x86 sysdeps/unix/sysv/linux/x86_64 sysdeps/unix/sysv/linux/wordsize-64 nptl/sysdeps/unix/sysv/linux nptl/sysdeps/pthread sysdeps/pthread ports/sysdeps/unix/sysv/linux sysdeps/unix/sysv/linux sysdeps/gnu sysdeps/unix/inet nptl/sysdeps/unix/sysv ports/sysdeps/unix/sysv sysdeps/unix/sysv sysdeps/unix/x86_64 nptl/sysdeps/unix ports/sysdeps/unix sysdeps/unix sysdeps/posix nptl/sysdeps/x86_64/64 sysdeps/x86_64/64 sysdeps/x86_64/fpu/multiarch sysdeps/x86_64/fpu sysdeps/x86/fpu sysdeps/x86_64/multiarch nptl/sysdeps/x86_64 sysdeps/x86_64 sysdeps/x86 sysdeps/ieee754/ldbl-96 sysdeps/ieee754/dbl-64/wordsize-64 sysdeps/ieee754/dbl-64 sysdeps/ieee754/flt-32 sysdeps/wordsize-64 sysdeps/ieee754 sysdeps/generic'
target_alias=''
use_default_link='no'
use_ldconfig='yes'
use_nscd='yes'
with_fp='yes'

## ----------- ##
## confdefs.h. ##
## ----------- ##

/* confdefs.h */
#define PACKAGE_NAME "GNU C Library"
#define PACKAGE_TARNAME "glibc"
#define PACKAGE_VERSION "(see version.h)"
#define PACKAGE_STRING "GNU C Library (see version.h)"
#define PACKAGE_BUGREPORT "http://sourceware.org/bugzilla/"
#define PACKAGE_URL "http://www.gnu.org/software/glibc/"
#define PKGVERSION "(GNU libc) "
#define REPORT_BUGS_TO "<http://www.gnu.org/software/libc/bugs.html>"
#define HAVE_LIBIDN 1
#define USE_MULTIARCH 1
#define HAVE_ASM_SET_DIRECTIVE 1
#define HAVE_ASM_UNIQUE_OBJECT 1
#define DO_VERSIONING 1
#define HAVE_ASM_PREVIOUS_DIRECTIVE 1
#define NO_CTORS_DTORS_SECTIONS 1
#define HAVE_Z_COMBRELOC 1
#define HAVE_ASM_WEAK_DIRECTIVE 1
#define HAVE_ASM_CFI_DIRECTIVES 1
#define HAVE_BUILTIN_MEMSET 1
#define HAVE_CC_INHIBIT_LOOP_TO_LIBCALL 1
#define SIZEOF_LONG_DOUBLE 16
#define HAVE_FORCED_UNWIND 1
#define __LINUX_KERNEL_VERSION (2 * 65536 + 6 * 256 + 16)
#define __ABI_TAG_VERSION 2,6,16
#define HAVE_INLINED_SYSCALLS 1
#define HAVE_SSE4_SUPPORT 1
#define HAVE_AVX_SUPPORT 1
#define HAVE_SSE2AVX_SUPPORT 1
#define HAVE_FMA4_SUPPORT 1
#define PI_STATIC_AND_HIDDEN 1
#define HAVE_IFUNC 1
#define USE_NSCD 1
#define USE_LDCONFIG 1

configure: exit 0
